# JRE version: OpenJDK Runtime Environment GraalVM CE 22.3.0 (17.0.5+8) (build 17.0.5+8-jvmci-22.3-b08)
# Java VM: OpenJDK 64-Bit Server VM GraalVM CE 22.3.0 (17.0.5+8-jvmci-22.3-b08, mixed mode, sharing, tiered, jvmci, jvmci compiler, compressed oops, compressed class ptrs, parallel gc, linux-amd64)
GC Precious Log:
 CPUs: 8 total, 1 available
 Memory: 1024M
 Large Page Support: Disabled
 NUMA Support: Disabled
 Compressed Oops: Enabled (32-bit)
 Alignments: Space 512K, Generation 512K, Heap 2M
 Heap Min Capacity: 100M
 Heap Initial Capacity: 100M
 Heap Max Capacity: 512M
 Pre-touch: Disabled
 Parallel Workers: 1
Heap:
 PSYoungGen      total 62464K, used 46080K [0x00000000f5580000, 0x00000000fab80000, 0x0000000100000000)
  eden space 46080K, 100% used [0x00000000f5580000,0x00000000f8280000,0x00000000f8280000)
  from space 16384K, 0% used [0x00000000f9a80000,0x00000000f9a80000,0x00000000faa80000)
  to   space 19968K, 0% used [0x00000000f8380000,0x00000000f8380000,0x00000000f9700000)
 ParOldGen       total 349696K, used 349695K [0x00000000e0000000, 0x00000000f5580000, 0x00000000f5580000)
  object space 349696K, 99% used [0x00000000e0000000,0x00000000f557ff40,0x00000000f5580000)
 Metaspace       used 52663K, committed 53504K, reserved 1097728K
  class space    used 5035K, committed 5376K, reserved 1048576K
GC Heap History (20 events):
Event: 823.890 GC heap before
{Heap before GC invocations=633 (full 531):
 PSYoungGen      total 62464K, used 46080K [0x00000000f5580000, 0x00000000fab80000, 0x0000000100000000)
  eden space 46080K, 100% used [0x00000000f5580000,0x00000000f8280000,0x00000000f8280000)
  from space 16384K, 0% used [0x00000000f9a80000,0x00000000f9a80000,0x00000000faa80000)
  to   space 19968K, 0% used [0x00000000f8380000,0x00000000f8380000,0x00000000f9700000)
 ParOldGen       total 349696K, used 349692K [0x00000000e0000000, 0x00000000f5580000, 0x00000000f5580000)
  object space 349696K, 99% used [0x00000000e0000000,0x00000000f557f2f8,0x00000000f5580000)
 Metaspace       used 52663K, committed 53504K, reserved 1097728K
  class space    used 5035K, committed 5376K, reserved 1048576K
}
Event: 825.270 GC heap after
{Heap after GC invocations=633 (full 531):
 PSYoungGen      total 66048K, used 46080K [0x00000000f5580000, 0x00000000fab80000, 0x0000000100000000)
  eden space 46080K, 100% used [0x00000000f5580000,0x00000000f8280000,0x00000000f8280000)
  from space 19968K, 0% used [0x00000000f8380000,0x00000000f8380000,0x00000000f9700000)
  to   space 16384K, 0% used [0x00000000f9a80000,0x00000000f9a80000,0x00000000faa80000)
 ParOldGen       total 349696K, used 349692K [0x00000000e0000000, 0x00000000f5580000, 0x00000000f5580000)
  object space 349696K, 99% used [0x00000000e0000000,0x00000000f557f2d8,0x00000000f5580000)
 Metaspace       used 52663K, committed 53504K, reserved 1097728K
  class space    used 5035K, committed 5376K, reserved 1048576K
}
Event: 825.270 GC heap before
{Heap before GC invocations=634 (full 532):
 PSYoungGen      total 66048K, used 46080K [0x00000000f5580000, 0x00000000fab80000, 0x0000000100000000)
  eden space 46080K, 100% used [0x00000000f5580000,0x00000000f8280000,0x00000000f8280000)
  from space 19968K, 0% used [0x00000000f8380000,0x00000000f8380000,0x00000000f9700000)
  to   space 16384K, 0% used [0x00000000f9a80000,0x00000000f9a80000,0x00000000faa80000)
 ParOldGen       total 349696K, used 349695K [0x00000000e0000000, 0x00000000f5580000, 0x00000000f5580000)
  object space 349696K, 99% used [0x00000000e0000000,0x00000000f557ff50,0x00000000f5580000)
 Metaspace       used 52663K, committed 53504K, reserved 1097728K
  class space    used 5035K, committed 5376K, reserved 1048576K
}
Event: 826.747 GC heap after
{Heap after GC invocations=634 (full 532):
 PSYoungGen      total 62464K, used 46079K [0x00000000f5580000, 0x00000000fab80000, 0x0000000100000000)
  eden space 46080K, 99% used [0x00000000f5580000,0x00000000f827ffb8,0x00000000f8280000)
  from space 16384K, 0% used [0x00000000f9a80000,0x00000000f9a80000,0x00000000faa80000)
  to   space 19968K, 0% used [0x00000000f8380000,0x00000000f8380000,0x00000000f9700000)
 ParOldGen       total 349696K, used 349695K [0x00000000e0000000, 0x00000000f5580000, 0x00000000f5580000)
  object space 349696K, 99% used [0x00000000e0000000,0x00000000f557feb0,0x00000000f5580000)
 Metaspace       used 52663K, committed 53504K, reserved 1097728K
  class space    used 5035K, committed 5376K, reserved 1048576K
}
Event: 826.747 GC heap before
{Heap before GC invocations=635 (full 533):
 PSYoungGen      total 62464K, used 46079K [0x00000000f5580000, 0x00000000fab80000, 0x0000000100000000)
  eden space 46080K, 99% used [0x00000000f5580000,0x00000000f827fff8,0x00000000f8280000)
  from space 16384K, 0% used [0x00000000f9a80000,0x00000000f9a80000,0x00000000faa80000)
  to   space 19968K, 0% used [0x00000000f8380000,0x00000000f8380000,0x00000000f9700000)
 ParOldGen       total 349696K, used 349695K [0x00000000e0000000, 0x00000000f5580000, 0x00000000f5580000)
  object space 349696K, 99% used [0x00000000e0000000,0x00000000f557feb0,0x00000000f5580000)
 Metaspace       used 52663K, committed 53504K, reserved 1097728K
  class space    used 5035K, committed 5376K, reserved 1048576K
}
Event: 828.163 GC heap after
{Heap after GC invocations=635 (full 533):
 PSYoungGen      total 66048K, used 46079K [0x00000000f5580000, 0x00000000fab80000, 0x0000000100000000)
  eden space 46080K, 99% used [0x00000000f5580000,0x00000000f827fff8,0x00000000f8280000)
  from space 19968K, 0% used [0x00000000f8380000,0x00000000f8380000,0x00000000f9700000)
  to   space 16384K, 0% used [0x00000000f9a80000,0x00000000f9a80000,0x00000000faa80000)
 ParOldGen       total 349696K, used 349695K [0x00000000e0000000, 0x00000000f5580000, 0x00000000f5580000)
  object space 349696K, 99% used [0x00000000e0000000,0x00000000f557fe90,0x00000000f5580000)
 Metaspace       used 52663K, committed 53504K, reserved 1097728K
  class space    used 5035K, committed 5376K, reserved 1048576K
}
Event: 828.163 GC heap before
{Heap before GC invocations=636 (full 534):
 PSYoungGen      total 66048K, used 46079K [0x00000000f5580000, 0x00000000fab80000, 0x0000000100000000)
  eden space 46080K, 99% used [0x00000000f5580000,0x00000000f827fff8,0x00000000f8280000)
  from space 19968K, 0% used [0x00000000f8380000,0x00000000f8380000,0x00000000f9700000)
  to   space 16384K, 0% used [0x00000000f9a80000,0x00000000f9a80000,0x00000000faa80000)
 ParOldGen       total 349696K, used 349695K [0x00000000e0000000, 0x00000000f5580000, 0x00000000f5580000)
  object space 349696K, 99% used [0x00000000e0000000,0x00000000f557fff8,0x00000000f5580000)
 Metaspace       used 52663K, committed 53504K, reserved 1097728K
  class space    used 5035K, committed 5376K, reserved 1048576K
}
Event: 829.580 GC heap after
{Heap after GC invocations=636 (full 534):
 PSYoungGen      total 62464K, used 46079K [0x00000000f5580000, 0x00000000fab80000, 0x0000000100000000)
  eden space 46080K, 99% used [0x00000000f5580000,0x00000000f827ffc0,0x00000000f8280000)
  from space 16384K, 0% used [0x00000000f9a80000,0x00000000f9a80000,0x00000000faa80000)
  to   space 19968K, 0% used [0x00000000f8380000,0x00000000f8380000,0x00000000f9700000)
 ParOldGen       total 349696K, used 349695K [0x00000000e0000000, 0x00000000f5580000, 0x00000000f5580000)
  object space 349696K, 99% used [0x00000000e0000000,0x00000000f557ff28,0x00000000f5580000)
 Metaspace       used 52663K, committed 53504K, reserved 1097728K
  class space    used 5035K, committed 5376K, reserved 1048576K
}
Event: 829.580 GC heap before
{Heap before GC invocations=637 (full 535):
 PSYoungGen      total 62464K, used 46080K [0x00000000f5580000, 0x00000000fab80000, 0x0000000100000000)
  eden space 46080K, 100% used [0x00000000f5580000,0x00000000f8280000,0x00000000f8280000)
  from space 16384K, 0% used [0x00000000f9a80000,0x00000000f9a80000,0x00000000faa80000)
  to   space 19968K, 0% used [0x00000000f8380000,0x00000000f8380000,0x00000000f9700000)
 ParOldGen       total 349696K, used 349695K [0x00000000e0000000, 0x00000000f5580000, 0x00000000f5580000)
  object space 349696K, 99% used [0x00000000e0000000,0x00000000f557ff28,0x00000000f5580000)
 Metaspace       used 52663K, committed 53504K, reserved 1097728K
  class space    used 5035K, committed 5376K, reserved 1048576K
}
Event: 830.959 GC heap after
{Heap after GC invocations=637 (full 535):
 PSYoungGen      total 66048K, used 46079K [0x00000000f5580000, 0x00000000fab80000, 0x0000000100000000)
  eden space 46080K, 99% used [0x00000000f5580000,0x00000000f827ffe0,0x00000000f8280000)
  from space 19968K, 0% used [0x00000000f8380000,0x00000000f8380000,0x00000000f9700000)
  to   space 16384K, 0% used [0x00000000f9a80000,0x00000000f9a80000,0x00000000faa80000)
 ParOldGen       total 349696K, used 349695K [0x00000000e0000000, 0x00000000f5580000, 0x00000000f5580000)
  object space 349696K, 99% used [0x00000000e0000000,0x00000000f557ff08,0x00000000f5580000)
 Metaspace       used 52663K, committed 53504K, reserved 1097728K
  class space    used 5035K, committed 5376K, reserved 1048576K
}
Event: 830.960 GC heap before
{Heap before GC invocations=638 (full 536):
 PSYoungGen      total 66048K, used 46080K [0x00000000f5580000, 0x00000000fab80000, 0x0000000100000000)
  eden space 46080K, 100% used [0x00000000f5580000,0x00000000f8280000,0x00000000f8280000)
  from space 19968K, 0% used [0x00000000f8380000,0x00000000f8380000,0x00000000f9700000)
  to   space 16384K, 0% used [0x00000000f9a80000,0x00000000f9a80000,0x00000000faa80000)
 ParOldGen       total 349696K, used 349695K [0x00000000e0000000, 0x00000000f5580000, 0x00000000f5580000)
  object space 349696K, 99% used [0x00000000e0000000,0x00000000f557ff08,0x00000000f5580000)
 Metaspace       used 52663K, committed 53504K, reserved 1097728K
  class space    used 5035K, committed 5376K, reserved 1048576K
}
Event: 832.276 GC heap after
{Heap after GC invocations=638 (full 536):
 PSYoungGen      total 62464K, used 46079K [0x00000000f5580000, 0x00000000fab80000, 0x0000000100000000)
  eden space 46080K, 99% used [0x00000000f5580000,0x00000000f827ffc0,0x00000000f8280000)
  from space 16384K, 0% used [0x00000000f9a80000,0x00000000f9a80000,0x00000000faa80000)
  to   space 19968K, 0% used [0x00000000f8380000,0x00000000f8380000,0x00000000f9700000)
 ParOldGen       total 349696K, used 349695K [0x00000000e0000000, 0x00000000f5580000, 0x00000000f5580000)
  object space 349696K, 99% used [0x00000000e0000000,0x00000000f557ff08,0x00000000f5580000)
 Metaspace       used 52663K, committed 53504K, reserved 1097728K
  class space    used 5035K, committed 5376K, reserved 1048576K
}
Event: 832.277 GC heap before
{Heap before GC invocations=639 (full 537):
 PSYoungGen      total 62464K, used 46079K [0x00000000f5580000, 0x00000000fab80000, 0x0000000100000000)
  eden space 46080K, 99% used [0x00000000f5580000,0x00000000f827fff0,0x00000000f8280000)
  from space 16384K, 0% used [0x00000000f9a80000,0x00000000f9a80000,0x00000000faa80000)
  to   space 19968K, 0% used [0x00000000f8380000,0x00000000f8380000,0x00000000f9700000)
 ParOldGen       total 349696K, used 349695K [0x00000000e0000000, 0x00000000f5580000, 0x00000000f5580000)
  object space 349696K, 99% used [0x00000000e0000000,0x00000000f557ff08,0x00000000f5580000)
 Metaspace       used 52663K, committed 53504K, reserved 1097728K
  class space    used 5035K, committed 5376K, reserved 1048576K
}
Event: 833.682 GC heap after
{Heap after GC invocations=639 (full 537):
 PSYoungGen      total 66048K, used 46079K [0x00000000f5580000, 0x00000000fab80000, 0x0000000100000000)
  eden space 46080K, 99% used [0x00000000f5580000,0x00000000f827ffc0,0x00000000f8280000)
  from space 19968K, 0% used [0x00000000f8380000,0x00000000f8380000,0x00000000f9700000)
  to   space 16384K, 0% used [0x00000000f9a80000,0x00000000f9a80000,0x00000000faa80000)
 ParOldGen       total 349696K, used 349695K [0x00000000e0000000, 0x00000000f5580000, 0x00000000f5580000)
  object space 349696K, 99% used [0x00000000e0000000,0x00000000f557ff08,0x00000000f5580000)
 Metaspace       used 52663K, committed 53504K, reserved 1097728K
  class space    used 5035K, committed 5376K, reserved 1048576K
}
Event: 833.682 GC heap before
{Heap before GC invocations=640 (full 538):
 PSYoungGen      total 66048K, used 46079K [0x00000000f5580000, 0x00000000fab80000, 0x0000000100000000)
  eden space 46080K, 99% used [0x00000000f5580000,0x00000000f827fff0,0x00000000f8280000)
  from space 19968K, 0% used [0x00000000f8380000,0x00000000f8380000,0x00000000f9700000)
  to   space 16384K, 0% used [0x00000000f9a80000,0x00000000f9a80000,0x00000000faa80000)
 ParOldGen       total 349696K, used 349695K [0x00000000e0000000, 0x00000000f5580000, 0x00000000f5580000)
  object space 349696K, 99% used [0x00000000e0000000,0x00000000f557ff08,0x00000000f5580000)
 Metaspace       used 52663K, committed 53504K, reserved 1097728K
  class space    used 5035K, committed 5376K, reserved 1048576K
}
Event: 835.076 GC heap after
{Heap after GC invocations=640 (full 538):
 PSYoungGen      total 62464K, used 46079K [0x00000000f5580000, 0x00000000fab80000, 0x0000000100000000)
  eden space 46080K, 99% used [0x00000000f5580000,0x00000000f827fff0,0x00000000f8280000)
  from space 16384K, 0% used [0x00000000f9a80000,0x00000000f9a80000,0x00000000faa80000)
  to   space 19968K, 0% used [0x00000000f8380000,0x00000000f8380000,0x00000000f9700000)
 ParOldGen       total 349696K, used 349695K [0x00000000e0000000, 0x00000000f5580000, 0x00000000f5580000)
  object space 349696K, 99% used [0x00000000e0000000,0x00000000f557ff08,0x00000000f5580000)
 Metaspace       used 52663K, committed 53504K, reserved 1097728K
  class space    used 5035K, committed 5376K, reserved 1048576K
}
Event: 835.076 GC heap before
{Heap before GC invocations=641 (full 539):
 PSYoungGen      total 62464K, used 46079K [0x00000000f5580000, 0x00000000fab80000, 0x0000000100000000)
  eden space 46080K, 99% used [0x00000000f5580000,0x00000000f827fff0,0x00000000f8280000)
  from space 16384K, 0% used [0x00000000f9a80000,0x00000000f9a80000,0x00000000faa80000)
  to   space 19968K, 0% used [0x00000000f8380000,0x00000000f8380000,0x00000000f9700000)
 ParOldGen       total 349696K, used 349696K [0x00000000e0000000, 0x00000000f5580000, 0x00000000f5580000)
  object space 349696K, 100% used [0x00000000e0000000,0x00000000f5580000,0x00000000f5580000)
 Metaspace       used 52663K, committed 53504K, reserved 1097728K
  class space    used 5035K, committed 5376K, reserved 1048576K
}
Event: 836.490 GC heap after
{Heap after GC invocations=641 (full 539):
 PSYoungGen      total 66048K, used 46079K [0x00000000f5580000, 0x00000000fab80000, 0x0000000100000000)
  eden space 46080K, 99% used [0x00000000f5580000,0x00000000f827ffd8,0x00000000f8280000)
  from space 19968K, 0% used [0x00000000f8380000,0x00000000f8380000,0x00000000f9700000)
  to   space 16384K, 0% used [0x00000000f9a80000,0x00000000f9a80000,0x00000000faa80000)
 ParOldGen       total 349696K, used 349695K [0x00000000e0000000, 0x00000000f5580000, 0x00000000f5580000)
  object space 349696K, 99% used [0x00000000e0000000,0x00000000f557ffd0,0x00000000f5580000)
 Metaspace       used 52663K, committed 53504K, reserved 1097728K
  class space    used 5035K, committed 5376K, reserved 1048576K
}
Event: 836.490 GC heap before
{Heap before GC invocations=642 (full 540):
 PSYoungGen      total 66048K, used 46079K [0x00000000f5580000, 0x00000000fab80000, 0x0000000100000000)
  eden space 46080K, 99% used [0x00000000f5580000,0x00000000f827ffd8,0x00000000f8280000)
  from space 19968K, 0% used [0x00000000f8380000,0x00000000f8380000,0x00000000f9700000)
  to   space 16384K, 0% used [0x00000000f9a80000,0x00000000f9a80000,0x00000000faa80000)
 ParOldGen       total 349696K, used 349695K [0x00000000e0000000, 0x00000000f5580000, 0x00000000f5580000)
  object space 349696K, 99% used [0x00000000e0000000,0x00000000f557ffd0,0x00000000f5580000)
 Metaspace       used 52663K, committed 53504K, reserved 1097728K
  class space    used 5035K, committed 5376K, reserved 1048576K
}
Event: 837.860 GC heap after
{Heap after GC invocations=642 (full 540):
 PSYoungGen      total 62464K, used 46079K [0x00000000f5580000, 0x00000000fab80000, 0x0000000100000000)
  eden space 46080K, 99% used [0x00000000f5580000,0x00000000f827fde0,0x00000000f8280000)
  from space 16384K, 0% used [0x00000000f9a80000,0x00000000f9a80000,0x00000000faa80000)
  to   space 19968K, 0% used [0x00000000f8380000,0x00000000f8380000,0x00000000f9700000)
 ParOldGen       total 349696K, used 349695K [0x00000000e0000000, 0x00000000f5580000, 0x00000000f5580000)
  object space 349696K, 99% used [0x00000000e0000000,0x00000000f557fe70,0x00000000f5580000)
 Metaspace       used 52663K, committed 53504K, reserved 1097728K
  class space    used 5035K, committed 5376K, reserved 1048576K
}

