# JRE version: OpenJDK Runtime Environment GraalVM CE 22.3.0 (17.0.5+8) (build 17.0.5+8-jvmci-22.3-b08)
# Java VM: OpenJDK 64-Bit Server VM GraalVM CE 22.3.0 (17.0.5+8-jvmci-22.3-b08, mixed mode, sharing, tiered, jvmci, jvmci compiler, compressed oops, compressed class ptrs, parallel gc, linux-amd64)
GC Precious Log:
 CPUs: 8 total, 1 available
 Memory: 1024M
 Large Page Support: Disabled
 NUMA Support: Disabled
 Compressed Oops: Enabled (32-bit)
 Alignments: Space 512K, Generation 512K, Heap 2M
 Heap Min Capacity: 100M
 Heap Initial Capacity: 100M
 Heap Max Capacity: 512M
 Pre-touch: Disabled
 Parallel Workers: 1
Heap:
 PSYoungGen      total 36352K, used 24064K [0x00000000f5580000, 0x00000000f9000000, 0x0000000100000000)
  eden space 24064K, 100% used [0x00000000f5580000,0x00000000f6d00000,0x00000000f6d00000)
  from space 12288K, 0% used [0x00000000f6d00000,0x00000000f6d00000,0x00000000f7900000)
  to   space 16384K, 0% used [0x00000000f8000000,0x00000000f8000000,0x00000000f9000000)
 ParOldGen       total 349696K, used 349695K [0x00000000e0000000, 0x00000000f5580000, 0x00000000f5580000)
  object space 349696K, 99% used [0x00000000e0000000,0x00000000f557fff8,0x00000000f5580000)
 Metaspace       used 54956K, committed 55936K, reserved 1105920K
  class space    used 5491K, committed 5888K, reserved 1048576K
GC Heap History (20 events):
Event: 1473.827 GC heap before
{Heap before GC invocations=1174 (full 1075):
 PSYoungGen      total 36352K, used 24063K [0x00000000f5580000, 0x00000000f9000000, 0x0000000100000000)
  eden space 24064K, 99% used [0x00000000f5580000,0x00000000f6cffff8,0x00000000f6d00000)
  from space 12288K, 0% used [0x00000000f6d00000,0x00000000f6d00000,0x00000000f7900000)
  to   space 16384K, 0% used [0x00000000f8000000,0x00000000f8000000,0x00000000f9000000)
 ParOldGen       total 349696K, used 349696K [0x00000000e0000000, 0x00000000f5580000, 0x00000000f5580000)
  object space 349696K, 100% used [0x00000000e0000000,0x00000000f5580000,0x00000000f5580000)
 Metaspace       used 54956K, committed 55936K, reserved 1105920K
  class space    used 5491K, committed 5888K, reserved 1048576K
}
Event: 1476.730 GC heap after
{Heap after GC invocations=1174 (full 1075):
 PSYoungGen      total 40448K, used 24063K [0x00000000f5580000, 0x00000000f9000000, 0x0000000100000000)
  eden space 24064K, 99% used [0x00000000f5580000,0x00000000f6cffff8,0x00000000f6d00000)
  from space 16384K, 0% used [0x00000000f8000000,0x00000000f8000000,0x00000000f9000000)
  to   space 12288K, 0% used [0x00000000f6d00000,0x00000000f6d00000,0x00000000f7900000)
 ParOldGen       total 349696K, used 349694K [0x00000000e0000000, 0x00000000f5580000, 0x00000000f5580000)
  object space 349696K, 99% used [0x00000000e0000000,0x00000000f557f9c0,0x00000000f5580000)
 Metaspace       used 54956K, committed 55936K, reserved 1105920K
  class space    used 5491K, committed 5888K, reserved 1048576K
}
Event: 1476.731 GC heap before
{Heap before GC invocations=1175 (full 1076):
 PSYoungGen      total 40448K, used 24063K [0x00000000f5580000, 0x00000000f9000000, 0x0000000100000000)
  eden space 24064K, 99% used [0x00000000f5580000,0x00000000f6cffff8,0x00000000f6d00000)
  from space 16384K, 0% used [0x00000000f8000000,0x00000000f8000000,0x00000000f9000000)
  to   space 12288K, 0% used [0x00000000f6d00000,0x00000000f6d00000,0x00000000f7900000)
 ParOldGen       total 349696K, used 349695K [0x00000000e0000000, 0x00000000f5580000, 0x00000000f5580000)
  object space 349696K, 99% used [0x00000000e0000000,0x00000000f557fc18,0x00000000f5580000)
 Metaspace       used 54956K, committed 55936K, reserved 1105920K
  class space    used 5491K, committed 5888K, reserved 1048576K
}
Event: 1480.513 GC heap after
{Heap after GC invocations=1175 (full 1076):
 PSYoungGen      total 36352K, used 24063K [0x00000000f5580000, 0x00000000f9000000, 0x0000000100000000)
  eden space 24064K, 99% used [0x00000000f5580000,0x00000000f6cfffc0,0x00000000f6d00000)
  from space 12288K, 0% used [0x00000000f6d00000,0x00000000f6d00000,0x00000000f7900000)
  to   space 16384K, 0% used [0x00000000f8000000,0x00000000f8000000,0x00000000f9000000)
 ParOldGen       total 349696K, used 349694K [0x00000000e0000000, 0x00000000f5580000, 0x00000000f5580000)
  object space 349696K, 99% used [0x00000000e0000000,0x00000000f557f9f8,0x00000000f5580000)
 Metaspace       used 54956K, committed 55936K, reserved 1105920K
  class space    used 5491K, committed 5888K, reserved 1048576K
}
Event: 1480.513 GC heap before
{Heap before GC invocations=1176 (full 1077):
 PSYoungGen      total 36352K, used 24064K [0x00000000f5580000, 0x00000000f9000000, 0x0000000100000000)
  eden space 24064K, 100% used [0x00000000f5580000,0x00000000f6d00000,0x00000000f6d00000)
  from space 12288K, 0% used [0x00000000f6d00000,0x00000000f6d00000,0x00000000f7900000)
  to   space 16384K, 0% used [0x00000000f8000000,0x00000000f8000000,0x00000000f9000000)
 ParOldGen       total 349696K, used 349694K [0x00000000e0000000, 0x00000000f5580000, 0x00000000f5580000)
  object space 349696K, 99% used [0x00000000e0000000,0x00000000f557f9f8,0x00000000f5580000)
 Metaspace       used 54956K, committed 55936K, reserved 1105920K
  class space    used 5491K, committed 5888K, reserved 1048576K
}
Event: 1482.452 GC heap after
{Heap after GC invocations=1176 (full 1077):
 PSYoungGen      total 40448K, used 24063K [0x00000000f5580000, 0x00000000f9000000, 0x0000000100000000)
  eden space 24064K, 99% used [0x00000000f5580000,0x00000000f6cfffc0,0x00000000f6d00000)
  from space 16384K, 0% used [0x00000000f8000000,0x00000000f8000000,0x00000000f9000000)
  to   space 12288K, 0% used [0x00000000f6d00000,0x00000000f6d00000,0x00000000f7900000)
 ParOldGen       total 349696K, used 349694K [0x00000000e0000000, 0x00000000f5580000, 0x00000000f5580000)
  object space 349696K, 99% used [0x00000000e0000000,0x00000000f557f9f8,0x00000000f5580000)
 Metaspace       used 54956K, committed 55936K, reserved 1105920K
  class space    used 5491K, committed 5888K, reserved 1048576K
}
Event: 1482.453 GC heap before
{Heap before GC invocations=1177 (full 1078):
 PSYoungGen      total 40448K, used 24064K [0x00000000f5580000, 0x00000000f9000000, 0x0000000100000000)
  eden space 24064K, 100% used [0x00000000f5580000,0x00000000f6d00000,0x00000000f6d00000)
  from space 16384K, 0% used [0x00000000f8000000,0x00000000f8000000,0x00000000f9000000)
  to   space 12288K, 0% used [0x00000000f6d00000,0x00000000f6d00000,0x00000000f7900000)
 ParOldGen       total 349696K, used 349694K [0x00000000e0000000, 0x00000000f5580000, 0x00000000f5580000)
  object space 349696K, 99% used [0x00000000e0000000,0x00000000f557f9f8,0x00000000f5580000)
 Metaspace       used 54956K, committed 55936K, reserved 1105920K
  class space    used 5491K, committed 5888K, reserved 1048576K
}
Event: 1483.736 GC heap after
{Heap after GC invocations=1177 (full 1078):
 PSYoungGen      total 36352K, used 24063K [0x00000000f5580000, 0x00000000f9000000, 0x0000000100000000)
  eden space 24064K, 99% used [0x00000000f5580000,0x00000000f6cffff0,0x00000000f6d00000)
  from space 12288K, 0% used [0x00000000f6d00000,0x00000000f6d00000,0x00000000f7900000)
  to   space 16384K, 0% used [0x00000000f8000000,0x00000000f8000000,0x00000000f9000000)
 ParOldGen       total 349696K, used 349694K [0x00000000e0000000, 0x00000000f5580000, 0x00000000f5580000)
  object space 349696K, 99% used [0x00000000e0000000,0x00000000f557f9f8,0x00000000f5580000)
 Metaspace       used 54956K, committed 55936K, reserved 1105920K
  class space    used 5491K, committed 5888K, reserved 1048576K
}
Event: 1483.736 GC heap before
{Heap before GC invocations=1178 (full 1079):
 PSYoungGen      total 36352K, used 24064K [0x00000000f5580000, 0x00000000f9000000, 0x0000000100000000)
  eden space 24064K, 100% used [0x00000000f5580000,0x00000000f6d00000,0x00000000f6d00000)
  from space 12288K, 0% used [0x00000000f6d00000,0x00000000f6d00000,0x00000000f7900000)
  to   space 16384K, 0% used [0x00000000f8000000,0x00000000f8000000,0x00000000f9000000)
 ParOldGen       total 349696K, used 349694K [0x00000000e0000000, 0x00000000f5580000, 0x00000000f5580000)
  object space 349696K, 99% used [0x00000000e0000000,0x00000000f557f9f8,0x00000000f5580000)
 Metaspace       used 54956K, committed 55936K, reserved 1105920K
  class space    used 5491K, committed 5888K, reserved 1048576K
}
Event: 1485.035 GC heap after
{Heap after GC invocations=1178 (full 1079):
 PSYoungGen      total 40448K, used 24063K [0x00000000f5580000, 0x00000000f9000000, 0x0000000100000000)
  eden space 24064K, 99% used [0x00000000f5580000,0x00000000f6cffff0,0x00000000f6d00000)
  from space 16384K, 0% used [0x00000000f8000000,0x00000000f8000000,0x00000000f9000000)
  to   space 12288K, 0% used [0x00000000f6d00000,0x00000000f6d00000,0x00000000f7900000)
 ParOldGen       total 349696K, used 349694K [0x00000000e0000000, 0x00000000f5580000, 0x00000000f5580000)
  object space 349696K, 99% used [0x00000000e0000000,0x00000000f557f9f8,0x00000000f5580000)
 Metaspace       used 54956K, committed 55936K, reserved 1105920K
  class space    used 5491K, committed 5888K, reserved 1048576K
}
Event: 1485.036 GC heap before
{Heap before GC invocations=1179 (full 1080):
 PSYoungGen      total 40448K, used 24064K [0x00000000f5580000, 0x00000000f9000000, 0x0000000100000000)
  eden space 24064K, 100% used [0x00000000f5580000,0x00000000f6d00000,0x00000000f6d00000)
  from space 16384K, 0% used [0x00000000f8000000,0x00000000f8000000,0x00000000f9000000)
  to   space 12288K, 0% used [0x00000000f6d00000,0x00000000f6d00000,0x00000000f7900000)
 ParOldGen       total 349696K, used 349696K [0x00000000e0000000, 0x00000000f5580000, 0x00000000f5580000)
  object space 349696K, 100% used [0x00000000e0000000,0x00000000f5580000,0x00000000f5580000)
 Metaspace       used 54956K, committed 55936K, reserved 1105920K
  class space    used 5491K, committed 5888K, reserved 1048576K
}
Event: 1486.348 GC heap after
{Heap after GC invocations=1179 (full 1080):
 PSYoungGen      total 36352K, used 24063K [0x00000000f5580000, 0x00000000f9000000, 0x0000000100000000)
  eden space 24064K, 99% used [0x00000000f5580000,0x00000000f6cfffe0,0x00000000f6d00000)
  from space 12288K, 0% used [0x00000000f6d00000,0x00000000f6d00000,0x00000000f7900000)
  to   space 16384K, 0% used [0x00000000f8000000,0x00000000f8000000,0x00000000f9000000)
 ParOldGen       total 349696K, used 349695K [0x00000000e0000000, 0x00000000f5580000, 0x00000000f5580000)
  object space 349696K, 99% used [0x00000000e0000000,0x00000000f557feb8,0x00000000f5580000)
 Metaspace       used 54956K, committed 55936K, reserved 1105920K
  class space    used 5491K, committed 5888K, reserved 1048576K
}
Event: 1486.348 GC heap before
{Heap before GC invocations=1180 (full 1081):
 PSYoungGen      total 36352K, used 24064K [0x00000000f5580000, 0x00000000f9000000, 0x0000000100000000)
  eden space 24064K, 100% used [0x00000000f5580000,0x00000000f6d00000,0x00000000f6d00000)
  from space 12288K, 0% used [0x00000000f6d00000,0x00000000f6d00000,0x00000000f7900000)
  to   space 16384K, 0% used [0x00000000f8000000,0x00000000f8000000,0x00000000f9000000)
 ParOldGen       total 349696K, used 349695K [0x00000000e0000000, 0x00000000f5580000, 0x00000000f5580000)
  object space 349696K, 99% used [0x00000000e0000000,0x00000000f557fff8,0x00000000f5580000)
 Metaspace       used 54956K, committed 55936K, reserved 1105920K
  class space    used 5491K, committed 5888K, reserved 1048576K
}
Event: 1487.616 GC heap after
{Heap after GC invocations=1180 (full 1081):
 PSYoungGen      total 40448K, used 24064K [0x00000000f5580000, 0x00000000f9000000, 0x0000000100000000)
  eden space 24064K, 100% used [0x00000000f5580000,0x00000000f6d00000,0x00000000f6d00000)
  from space 16384K, 0% used [0x00000000f8000000,0x00000000f8000000,0x00000000f9000000)
  to   space 12288K, 0% used [0x00000000f6d00000,0x00000000f6d00000,0x00000000f7900000)
 ParOldGen       total 349696K, used 349695K [0x00000000e0000000, 0x00000000f5580000, 0x00000000f5580000)
  object space 349696K, 99% used [0x00000000e0000000,0x00000000f557fff8,0x00000000f5580000)
 Metaspace       used 54956K, committed 55936K, reserved 1105920K
  class space    used 5491K, committed 5888K, reserved 1048576K
}
Event: 1487.616 GC heap before
{Heap before GC invocations=1181 (full 1082):
 PSYoungGen      total 40448K, used 24064K [0x00000000f5580000, 0x00000000f9000000, 0x0000000100000000)
  eden space 24064K, 100% used [0x00000000f5580000,0x00000000f6d00000,0x00000000f6d00000)
  from space 16384K, 0% used [0x00000000f8000000,0x00000000f8000000,0x00000000f9000000)
  to   space 12288K, 0% used [0x00000000f6d00000,0x00000000f6d00000,0x00000000f7900000)
 ParOldGen       total 349696K, used 349695K [0x00000000e0000000, 0x00000000f5580000, 0x00000000f5580000)
  object space 349696K, 99% used [0x00000000e0000000,0x00000000f557fff8,0x00000000f5580000)
 Metaspace       used 54956K, committed 55936K, reserved 1105920K
  class space    used 5491K, committed 5888K, reserved 1048576K
}
Event: 1488.846 GC heap after
{Heap after GC invocations=1181 (full 1082):
 PSYoungGen      total 36352K, used 24064K [0x00000000f5580000, 0x00000000f9000000, 0x0000000100000000)
  eden space 24064K, 100% used [0x00000000f5580000,0x00000000f6d00000,0x00000000f6d00000)
  from space 12288K, 0% used [0x00000000f6d00000,0x00000000f6d00000,0x00000000f7900000)
  to   space 16384K, 0% used [0x00000000f8000000,0x00000000f8000000,0x00000000f9000000)
 ParOldGen       total 349696K, used 349695K [0x00000000e0000000, 0x00000000f5580000, 0x00000000f5580000)
  object space 349696K, 99% used [0x00000000e0000000,0x00000000f557fff8,0x00000000f5580000)
 Metaspace       used 54956K, committed 55936K, reserved 1105920K
  class space    used 5491K, committed 5888K, reserved 1048576K
}
Event: 1488.846 GC heap before
{Heap before GC invocations=1182 (full 1083):
 PSYoungGen      total 36352K, used 24064K [0x00000000f5580000, 0x00000000f9000000, 0x0000000100000000)
  eden space 24064K, 100% used [0x00000000f5580000,0x00000000f6d00000,0x00000000f6d00000)
  from space 12288K, 0% used [0x00000000f6d00000,0x00000000f6d00000,0x00000000f7900000)
  to   space 16384K, 0% used [0x00000000f8000000,0x00000000f8000000,0x00000000f9000000)
 ParOldGen       total 349696K, used 349695K [0x00000000e0000000, 0x00000000f5580000, 0x00000000f5580000)
  object space 349696K, 99% used [0x00000000e0000000,0x00000000f557fff8,0x00000000f5580000)
 Metaspace       used 54956K, committed 55936K, reserved 1105920K
  class space    used 5491K, committed 5888K, reserved 1048576K
}
Event: 1490.127 GC heap after
{Heap after GC invocations=1182 (full 1083):
 PSYoungGen      total 40448K, used 24064K [0x00000000f5580000, 0x00000000f9000000, 0x0000000100000000)
  eden space 24064K, 100% used [0x00000000f5580000,0x00000000f6d00000,0x00000000f6d00000)
  from space 16384K, 0% used [0x00000000f8000000,0x00000000f8000000,0x00000000f9000000)
  to   space 12288K, 0% used [0x00000000f6d00000,0x00000000f6d00000,0x00000000f7900000)
 ParOldGen       total 349696K, used 349695K [0x00000000e0000000, 0x00000000f5580000, 0x00000000f5580000)
  object space 349696K, 99% used [0x00000000e0000000,0x00000000f557fff8,0x00000000f5580000)
 Metaspace       used 54956K, committed 55936K, reserved 1105920K
  class space    used 5491K, committed 5888K, reserved 1048576K
}
Event: 1490.127 GC heap before
{Heap before GC invocations=1183 (full 1084):
 PSYoungGen      total 40448K, used 24064K [0x00000000f5580000, 0x00000000f9000000, 0x0000000100000000)
  eden space 24064K, 100% used [0x00000000f5580000,0x00000000f6d00000,0x00000000f6d00000)
  from space 16384K, 0% used [0x00000000f8000000,0x00000000f8000000,0x00000000f9000000)
  to   space 12288K, 0% used [0x00000000f6d00000,0x00000000f6d00000,0x00000000f7900000)
 ParOldGen       total 349696K, used 349695K [0x00000000e0000000, 0x00000000f5580000, 0x00000000f5580000)
  object space 349696K, 99% used [0x00000000e0000000,0x00000000f557fff8,0x00000000f5580000)
 Metaspace       used 54956K, committed 55936K, reserved 1105920K
  class space    used 5491K, committed 5888K, reserved 1048576K
}
Event: 1491.360 GC heap after
{Heap after GC invocations=1183 (full 1084):
 PSYoungGen      total 36352K, used 24064K [0x00000000f5580000, 0x00000000f9000000, 0x0000000100000000)
  eden space 24064K, 100% used [0x00000000f5580000,0x00000000f6d00000,0x00000000f6d00000)
  from space 12288K, 0% used [0x00000000f6d00000,0x00000000f6d00000,0x00000000f7900000)
  to   space 16384K, 0% used [0x00000000f8000000,0x00000000f8000000,0x00000000f9000000)
 ParOldGen       total 349696K, used 349695K [0x00000000e0000000, 0x00000000f5580000, 0x00000000f5580000)
  object space 349696K, 99% used [0x00000000e0000000,0x00000000f557fff8,0x00000000f5580000)
 Metaspace       used 54956K, committed 55936K, reserved 1105920K
  class space    used 5491K, committed 5888K, reserved 1048576K
}

